2023-06-02 16:36:41,379 - root - INFO - Namespace(Ks='[20, 40, 60, 80, 100]', aggregation_type='bi-interaction', cf_batch_size=1024, cf_l2loss_lambda=1e-05, cf_print_every=1, conv_dim_list='[128, 64, 32]', data_dir='datasets/', data_name='job', embed_dim=128, evaluate_every=10, kg_batch_size=2048, kg_l2loss_lambda=1e-05, kg_print_every=1, laplacian_type='random-walk', lr=0.0001, mess_dropout='[0.1, 0.1, 0.1]', n_epoch=600, pretrain_embedding_dir='datasets/pretrain/', pretrain_model_path='trained_model/model_epoch500.pth', relation_dim=128, save_dir='trained_model/KGAT/job/embed-dim128_relation-dim128_random-walk_bi-interaction_128-64-32_lr0.0001_pretrain0/', seed=2019, stopping_steps=10, test_batch_size=10000, use_pretrain=0)
2023-06-02 16:36:50,180 - root - INFO - n_users:           4309
2023-06-02 16:36:50,180 - root - INFO - n_items:           6150
2023-06-02 16:36:50,180 - root - INFO - n_entities:        9099
2023-06-02 16:36:50,180 - root - INFO - n_users_entities:  13408
2023-06-02 16:36:50,181 - root - INFO - n_relations:       30
2023-06-02 16:36:50,181 - root - INFO - n_h_list:          154572
2023-06-02 16:36:50,181 - root - INFO - n_t_list:          154572
2023-06-02 16:36:50,181 - root - INFO - n_r_list:          154572
2023-06-02 16:36:50,181 - root - INFO - n_cf_train:        14841
2023-06-02 16:36:50,181 - root - INFO - n_cf_test:         6203
2023-06-02 16:36:50,181 - root - INFO - n_kg_train:        154572
2023-06-02 16:36:50,426 - root - INFO - KGAT(
  (entity_user_embed): Embedding(13408, 128)
  (relation_embed): Embedding(30, 128)
  (aggregator_layers): ModuleList(
    (0): Aggregator(
      (message_dropout): Dropout(p=0.1, inplace=False)
      (activation): LeakyReLU(negative_slope=0.01)
      (linear1): Linear(in_features=128, out_features=128, bias=True)
      (linear2): Linear(in_features=128, out_features=128, bias=True)
    )
    (1): Aggregator(
      (message_dropout): Dropout(p=0.1, inplace=False)
      (activation): LeakyReLU(negative_slope=0.01)
      (linear1): Linear(in_features=128, out_features=64, bias=True)
      (linear2): Linear(in_features=128, out_features=64, bias=True)
    )
    (2): Aggregator(
      (message_dropout): Dropout(p=0.1, inplace=False)
      (activation): LeakyReLU(negative_slope=0.01)
      (linear1): Linear(in_features=64, out_features=32, bias=True)
      (linear2): Linear(in_features=64, out_features=32, bias=True)
    )
  )
  (w): Sequential(
    (0): Linear(in_features=240, out_features=176, bias=True)
    (1): ReLU()
    (2): Linear(in_features=176, out_features=176, bias=True)
  )
)
